{"/Users/matthew/Drive/Projects/gametime-nointro/Gruntfile.coffee":{"path":"/Users/matthew/Drive/Projects/gametime-nointro/Gruntfile.coffee","s":{"1":0,"2":0,"3":0,"4":0,"5":0,"6":0,"7":0},"b":{},"f":{"1":0},"fnMap":{"1":{"name":"module","line":1,"loc":{"start":{"line":1,"column":0},"end":{"line":1,"column":26}}}},"statementMap":{"1":{"start":{"line":1,"column":0},"end":{"line":25,"column":49}},"2":{"start":{"line":2,"column":2},"end":{"line":2,"column":35}},"3":{"start":{"line":4,"column":2},"end":{"line":22,"column":1}},"4":{"start":{"line":22,"column":2},"end":{"line":22,"column":47}},"5":{"start":{"line":23,"column":2},"end":{"line":23,"column":41}},"6":{"start":{"line":24,"column":2},"end":{"line":24,"column":43}},"7":{"start":{"line":25,"column":2},"end":{"line":25,"column":48}}},"branchMap":{}},"/Users/matthew/Drive/Projects/gametime-nointro/jspm_packages/github/forresto/system-coffee@0.1.2/test.coffee":{"path":"/Users/matthew/Drive/Projects/gametime-nointro/jspm_packages/github/forresto/system-coffee@0.1.2/test.coffee","s":{"1":0,"2":0,"3":0,"4":0,"5":0,"6":0,"7":0,"8":0,"9":0},"b":{},"f":{"1":0,"2":0,"3":0},"fnMap":{"1":{"name":"coffeeTest","line":1,"loc":{"start":{"line":1,"column":23},"end":{"line":1,"column":32}}},"2":{"name":"constructor","line":2,"loc":{"start":{"line":2,"column":2},"end":{"line":2,"column":27}}},"3":{"name":"go","line":3,"loc":{"start":{"line":3,"column":2},"end":{"line":3,"column":15}}}},"statementMap":{"1":{"start":{"line":1,"column":0},"end":{"line":8,"column":14}},"2":{"start":{"line":4,"column":4},"end":{"line":4,"column":19}},"3":{"start":{"line":5,"column":4},"end":{"line":5,"column":11}},"4":{"start":{"line":6,"column":4},"end":{"line":8,"column":3}},"5":{"start":{"line":7,"column":6},"end":{"line":7,"column":32}},"6":{"start":{"line":7,"column":15},"end":{"line":7,"column":32}},"7":{"start":{"line":7,"column":16},"end":{"line":7,"column":23}},"8":{"start":{"line":7,"column":28},"end":{"line":7,"column":28}},"9":{"start":{"line":8,"column":4},"end":{"line":8,"column":13}}},"branchMap":{}},"/Users/matthew/Drive/Projects/gametime-nointro/jspm_packages/npm/Base64@0.2.1/test/base64.coffee":{"path":"/Users/matthew/Drive/Projects/gametime-nointro/jspm_packages/npm/Base64@0.2.1/test/base64.coffee","s":{"1":0,"2":0,"3":0,"4":0,"5":0,"6":0,"7":0,"8":0,"9":0,"10":0,"11":0,"12":0,"13":0,"14":0,"15":0,"16":0,"17":0,"18":0,"19":0,"20":0,"21":0,"22":0,"23":0,"24":0,"25":0,"26":0,"27":0,"28":0,"29":0,"30":0,"31":0,"32":0,"33":0,"34":0,"35":0,"36":0,"37":0,"38":0,"39":0,"40":0,"41":0,"42":0,"43":0,"44":0,"45":0},"b":{},"f":{"1":0,"2":0,"3":0,"4":0,"5":0,"6":0,"7":0,"8":0,"9":0},"fnMap":{"1":{"name":"(anonymous_1)","line":6,"loc":{"start":{"line":6,"column":22},"end":{"line":6,"column":23}}},"2":{"name":"(anonymous_2)","line":8,"loc":{"start":{"line":8,"column":31},"end":{"line":8,"column":32}}},"3":{"name":"(anonymous_3)","line":25,"loc":{"start":{"line":25,"column":38},"end":{"line":25,"column":39}}},"4":{"name":"(anonymous_4)","line":26,"loc":{"start":{"line":26,"column":19},"end":{"line":26,"column":20}}},"5":{"name":"(anonymous_5)","line":26,"loc":{"start":{"line":26,"column":33},"end":{"line":26,"column":40}}},"6":{"name":"(anonymous_6)","line":31,"loc":{"start":{"line":31,"column":40},"end":{"line":31,"column":41}}},"7":{"name":"(anonymous_7)","line":48,"loc":{"start":{"line":48,"column":36},"end":{"line":48,"column":37}}},"8":{"name":"(anonymous_8)","line":49,"loc":{"start":{"line":49,"column":19},"end":{"line":49,"column":20}}},"9":{"name":"(anonymous_9)","line":49,"loc":{"start":{"line":49,"column":33},"end":{"line":49,"column":40}}}},"statementMap":{"1":{"start":{"line":1,"column":0},"end":{"line":1,"column":24}},"2":{"start":{"line":3,"column":0},"end":{"line":3,"column":26}},"3":{"start":{"line":6,"column":0},"end":{"line":52,"column":88}},"4":{"start":{"line":8,"column":2},"end":{"line":25,"column":1}},"5":{"start":{"line":9,"column":4},"end":{"line":9,"column":34}},"6":{"start":{"line":10,"column":4},"end":{"line":10,"column":39}},"7":{"start":{"line":11,"column":4},"end":{"line":11,"column":40}},"8":{"start":{"line":12,"column":4},"end":{"line":12,"column":41}},"9":{"start":{"line":13,"column":4},"end":{"line":13,"column":46}},"10":{"start":{"line":14,"column":4},"end":{"line":14,"column":47}},"11":{"start":{"line":15,"column":4},"end":{"line":15,"column":48}},"12":{"start":{"line":16,"column":4},"end":{"line":16,"column":53}},"13":{"start":{"line":17,"column":4},"end":{"line":17,"column":54}},"14":{"start":{"line":18,"column":4},"end":{"line":18,"column":55}},"15":{"start":{"line":19,"column":4},"end":{"line":19,"column":60}},"16":{"start":{"line":20,"column":4},"end":{"line":20,"column":61}},"17":{"start":{"line":21,"column":4},"end":{"line":21,"column":62}},"18":{"start":{"line":22,"column":4},"end":{"line":22,"column":67}},"19":{"start":{"line":23,"column":4},"end":{"line":23,"column":68}},"20":{"start":{"line":25,"column":2},"end":{"line":31,"column":1}},"21":{"start":{"line":26,"column":4},"end":{"line":31,"column":1}},"22":{"start":{"line":26,"column":19},"end":{"line":26,"column":29}},"23":{"start":{"line":26,"column":22},"end":{"line":26,"column":29}},"24":{"start":{"line":27,"column":6},"end":{"line":29,"column":110}},"25":{"start":{"line":31,"column":2},"end":{"line":48,"column":1}},"26":{"start":{"line":32,"column":4},"end":{"line":32,"column":34}},"27":{"start":{"line":33,"column":4},"end":{"line":33,"column":39}},"28":{"start":{"line":34,"column":4},"end":{"line":34,"column":40}},"29":{"start":{"line":35,"column":4},"end":{"line":35,"column":41}},"30":{"start":{"line":36,"column":4},"end":{"line":36,"column":46}},"31":{"start":{"line":37,"column":4},"end":{"line":37,"column":47}},"32":{"start":{"line":38,"column":4},"end":{"line":38,"column":48}},"33":{"start":{"line":39,"column":4},"end":{"line":39,"column":53}},"34":{"start":{"line":40,"column":4},"end":{"line":40,"column":54}},"35":{"start":{"line":41,"column":4},"end":{"line":41,"column":55}},"36":{"start":{"line":42,"column":4},"end":{"line":42,"column":60}},"37":{"start":{"line":43,"column":4},"end":{"line":43,"column":61}},"38":{"start":{"line":44,"column":4},"end":{"line":44,"column":62}},"39":{"start":{"line":45,"column":4},"end":{"line":45,"column":67}},"40":{"start":{"line":46,"column":4},"end":{"line":46,"column":68}},"41":{"start":{"line":48,"column":2},"end":{"line":52,"column":88}},"42":{"start":{"line":49,"column":4},"end":{"line":52,"column":88}},"43":{"start":{"line":49,"column":19},"end":{"line":49,"column":29}},"44":{"start":{"line":49,"column":22},"end":{"line":49,"column":29}},"45":{"start":{"line":50,"column":6},"end":{"line":52,"column":87}}},"branchMap":{}},"/Users/matthew/Drive/Projects/gametime-nointro/nointro.coffee":{"path":"/Users/matthew/Drive/Projects/gametime-nointro/nointro.coffee","s":{"1":0,"2":0,"3":0,"4":0,"5":0,"6":0,"7":0,"8":0,"9":0,"10":0,"11":0,"12":0,"13":0,"14":0,"15":0,"16":0,"17":0,"18":0,"19":0,"20":0,"21":0,"22":0,"23":0,"24":0,"25":0,"26":0,"27":0,"28":0,"29":0,"30":0},"b":{"1":[0,0]},"f":{"1":0,"2":0,"3":0,"4":0,"5":0,"6":0},"fnMap":{"1":{"name":"getURL","line":40,"loc":{"start":{"line":40,"column":0},"end":{"line":40,"column":23}}},"2":{"name":"getROM","line":52,"loc":{"start":{"line":52,"column":0},"end":{"line":52,"column":17}}},"3":{"name":"(anonymous_1)","line":54,"loc":{"start":{"line":54,"column":8},"end":{"line":54,"column":15}}},"4":{"name":"(anonymous_2)","line":56,"loc":{"start":{"line":56,"column":8},"end":{"line":56,"column":16}}},"5":{"name":"hasROM","line":63,"loc":{"start":{"line":63,"column":0},"end":{"line":63,"column":16}}},"6":{"name":"(anonymous_3)","line":64,"loc":{"start":{"line":64,"column":14},"end":{"line":64,"column":33}}}},"statementMap":{"1":{"start":{"line":1,"column":0},"end":{"line":1,"column":18}},"2":{"start":{"line":2,"column":0},"end":{"line":2,"column":20}},"3":{"start":{"line":3,"column":0},"end":{"line":3,"column":22}},"4":{"start":{"line":4,"column":0},"end":{"line":4,"column":22}},"5":{"start":{"line":6,"column":0},"end":{"line":39,"column":0}},"6":{"start":{"line":40,"column":0},"end":{"line":51,"column":0}},"7":{"start":{"line":41,"column":2},"end":{"line":41,"column":21}},"8":{"start":{"line":42,"column":2},"end":{"line":42,"column":43}},"9":{"start":{"line":42,"column":15},"end":{"line":42,"column":42}},"10":{"start":{"line":42,"column":38},"end":{"line":42,"column":41}},"11":{"start":{"line":43,"column":2},"end":{"line":43,"column":41}},"12":{"start":{"line":44,"column":2},"end":{"line":51,"column":0}},"13":{"start":{"line":49,"column":11},"end":{"line":49,"column":50}},"14":{"start":{"line":49,"column":24},"end":{"line":49,"column":33}},"15":{"start":{"line":49,"column":38},"end":{"line":49,"column":44}},"16":{"start":{"line":50,"column":14},"end":{"line":50,"column":60}},"17":{"start":{"line":50,"column":15},"end":{"line":50,"column":21}},"18":{"start":{"line":50,"column":26},"end":{"line":50,"column":29}},"19":{"start":{"line":52,"column":0},"end":{"line":62,"column":0}},"20":{"start":{"line":53,"column":2},"end":{"line":62,"column":0}},"21":{"start":{"line":55,"column":4},"end":{"line":55,"column":20}},"22":{"start":{"line":57,"column":4},"end":{"line":57,"column":23}},"23":{"start":{"line":58,"column":4},"end":{"line":58,"column":35}},"24":{"start":{"line":59,"column":4},"end":{"line":61,"column":3}},"25":{"start":{"line":60,"column":6},"end":{"line":60,"column":39}},"26":{"start":{"line":61,"column":4},"end":{"line":61,"column":23}},"27":{"start":{"line":63,"column":0},"end":{"line":66,"column":0}},"28":{"start":{"line":64,"column":6},"end":{"line":66,"column":0}},"29":{"start":{"line":65,"column":4},"end":{"line":65,"column":15}},"30":{"start":{"line":67,"column":0},"end":{"line":67,"column":40}}},"branchMap":{"1":{"line":59,"type":"if","locations":[{"start":{"line":59,"column":4},"end":{"line":59,"column":4}},{"start":{"line":59,"column":4},"end":{"line":59,"column":4}}]}}}}